<?xml version="1.0" encoding="utf-8"?><testsuites name="pytest tests"><testsuite name="pytest" errors="0" failures="1" skipped="0" tests="19" time="29.654" timestamp="2026-09-05T06:25:31.613301+00:00" hostname="agent-env-b0faef55-ffb9-4638-92de-bae27767b2af"><testcase classname="tests.test_backend_api" name="test_login_success" time="0.361" /><testcase classname="tests.test_backend_api" name="test_login_wrong_password" time="0.341" /><testcase classname="tests.test_backend_api" name="test_admin_endpoint_requires_auth" time="0.101" /><testcase classname="tests.test_backend_api" name="test_admin_stats" time="0.449" /><testcase classname="tests.test_backend_api" name="test_admin_accounting" time="0.139" /><testcase classname="tests.test_backend_api" name="test_admin_manual_booking_create" time="0.116"><failure message="AssertionError: {&quot;detail&quot;:&quot;Conflitto: la data 2026-04-10 è già occupata da un'altra prenotazione approvata&quot;}&#10;assert 400 in (200, 201)&#10; +  where 400 = &lt;Response [400]&gt;.status_code">backend/tests/test_backend_api.py:69: in test_admin_manual_booking_create
    assert r.status_code in (200, 201), r.text
E   AssertionError: {"detail":"Conflitto: la data 2026-04-10 è già occupata da un'altra prenotazione approvata"}
E   assert 400 in (200, 201)
E    +  where 400 = &lt;Response [400]&gt;.status_code</failure></testcase><testcase classname="tests.test_backend_api" name="test_discount_code_crud" time="0.431" /><testcase classname="tests.test_backend_api" name="test_matteo26_unlock_code_present" time="0.098" /><testcase classname="tests.test_backend_api" name="test_admin_commission_rates_get_and_update" time="0.314" /><testcase classname="tests.test_backend_api" name="test_admin_whatsapp_get_put" time="0.304" /><testcase classname="tests.test_backend_api" name="test_admin_guest_questions_list" time="0.095" /><testcase classname="tests.test_backend_api" name="test_admin_faqs_crud" time="0.525" /><testcase classname="tests.test_backend_api" name="test_photos_list" time="0.262" /><testcase classname="tests.test_backend_api" name="test_admin_marketing_library" time="0.094" /><testcase classname="tests.test_backend_api" name="test_admin_marketing_generate" time="25.219" /><testcase classname="tests.test_backend_api" name="test_admin_google_business_settings" time="0.229" /><testcase classname="tests.test_backend_api" name="test_verify_code_matteo26" time="0.116" /><testcase classname="tests.test_backend_api" name="test_verify_code_invalid" time="0.128" /><testcase classname="tests.test_backend_api" name="test_itinerary_pdf" time="0.265" /></testsuite></testsuites>